# JRE version: 7.0_17-b02
# Java VM: Java HotSpot(TM) 64-Bit Server VM (23.7-b01 mixed mode windows-amd64 compressed oops)
Heap
 PSYoungGen      total 37632K, used 3713K [0x00000007d60b0000, 0x00000007daa30000, 0x0000000800000000)
  eden space 32320K, 11% used [0x00000007d60b0000,0x00000007d6450670,0x00000007d8040000)
  from space 5312K, 0% used [0x00000007d8570000,0x00000007d8570000,0x00000007d8aa0000)
  to   space 5312K, 0% used [0x00000007d8040000,0x00000007d8040000,0x00000007d8570000)
 ParOldGen       total 116928K, used 50674K [0x0000000782200000, 0x0000000789430000, 0x00000007d60b0000)
  object space 116928K, 43% used [0x0000000782200000,0x000000078537cbf8,0x0000000789430000)
 PSPermGen       total 23360K, used 11428K [0x000000077d000000, 0x000000077e6d0000, 0x0000000782200000)
  object space 23360K, 48% used [0x000000077d000000,0x000000077db293f8,0x000000077e6d0000)
GC Heap History (6 events):
Event: 1.348 GC heap before
{Heap before GC invocations=1 (full 0):
 PSYoungGen      total 37632K, used 32320K [0x00000007d60b0000, 0x00000007d8aa0000, 0x0000000800000000)
  eden space 32320K, 100% used [0x00000007d60b0000,0x00000007d8040000,0x00000007d8040000)
  from space 5312K, 0% used [0x00000007d8570000,0x00000007d8570000,0x00000007d8aa0000)
  to   space 5312K, 0% used [0x00000007d8040000,0x00000007d8040000,0x00000007d8570000)
 ParOldGen       total 85888K, used 0K [0x0000000782200000, 0x00000007875e0000, 0x00000007d60b0000)
  object space 85888K, 0% used [0x0000000782200000,0x0000000782200000,0x00000007875e0000)
 PSPermGen       total 21248K, used 11419K [0x000000077d000000, 0x000000077e4c0000, 0x0000000782200000)
  object space 21248K, 53% used [0x000000077d000000,0x000000077db26ed0,0x000000077e4c0000)
Event: 1.360 GC heap after
Heap after GC invocations=1 (full 0):
 PSYoungGen      total 37632K, used 5304K [0x00000007d60b0000, 0x00000007d8aa0000, 0x0000000800000000)
  eden space 32320K, 0% used [0x00000007d60b0000,0x00000007d60b0000,0x00000007d8040000)
  from space 5312K, 99% used [0x00000007d8040000,0x00000007d856e030,0x00000007d8570000)
  to   space 5312K, 0% used [0x00000007d8570000,0x00000007d8570000,0x00000007d8aa0000)
 ParOldGen       total 85888K, used 31555K [0x0000000782200000, 0x00000007875e0000, 0x00000007d60b0000)
  object space 85888K, 36% used [0x0000000782200000,0x00000007840d0ff0,0x00000007875e0000)
 PSPermGen       total 21248K, used 11419K [0x000000077d000000, 0x000000077e4c0000, 0x0000000782200000)
  object space 21248K, 53% used [0x000000077d000000,0x000000077db26ed0,0x000000077e4c0000)
}
Event: 1.367 GC heap before
{Heap before GC invocations=2 (full 0):
 PSYoungGen      total 37632K, used 37624K [0x00000007d60b0000, 0x00000007d8aa0000, 0x0000000800000000)
  eden space 32320K, 100% used [0x00000007d60b0000,0x00000007d8040000,0x00000007d8040000)
  from space 5312K, 99% used [0x00000007d8040000,0x00000007d856e030,0x00000007d8570000)
  to   space 5312K, 0% used [0x00000007d8570000,0x00000007d8570000,0x00000007d8aa0000)
 ParOldGen       total 85888K, used 31555K [0x0000000782200000, 0x00000007875e0000, 0x00000007d60b0000)
  object space 85888K, 36% used [0x0000000782200000,0x00000007840d0ff0,0x00000007875e0000)
 PSPermGen       total 21248K, used 11419K [0x000000077d000000, 0x000000077e4c0000, 0x0000000782200000)
  object space 21248K, 53% used [0x000000077d000000,0x000000077db26ed0,0x000000077e4c0000)
Event: 1.379 GC heap after
Heap after GC invocations=2 (full 0):
 PSYoungGen      total 37632K, used 5297K [0x00000007d60b0000, 0x00000007daa30000, 0x0000000800000000)
  eden space 32320K, 0% used [0x00000007d60b0000,0x00000007d60b0000,0x00000007d8040000)
  from space 5312K, 99% used [0x00000007d8570000,0x00000007d8a9c4a0,0x00000007d8aa0000)
  to   space 5312K, 0% used [0x00000007d8040000,0x00000007d8040000,0x00000007d8570000)
 ParOldGen       total 85888K, used 61689K [0x0000000782200000, 0x00000007875e0000, 0x00000007d60b0000)
  object space 85888K, 71% used [0x0000000782200000,0x0000000785e3e400,0x00000007875e0000)
 PSPermGen       total 21248K, used 11419K [0x000000077d000000, 0x000000077e4c0000, 0x0000000782200000)
  object space 21248K, 53% used [0x000000077d000000,0x000000077db26ed0,0x000000077e4c0000)
}
Event: 1.379 GC heap before
{Heap before GC invocations=3 (full 1):
 PSYoungGen      total 37632K, used 5297K [0x00000007d60b0000, 0x00000007daa30000, 0x0000000800000000)
  eden space 32320K, 0% used [0x00000007d60b0000,0x00000007d60b0000,0x00000007d8040000)
  from space 5312K, 99% used [0x00000007d8570000,0x00000007d8a9c4a0,0x00000007d8aa0000)
  to   space 5312K, 0% used [0x00000007d8040000,0x00000007d8040000,0x00000007d8570000)
 ParOldGen       total 85888K, used 61689K [0x0000000782200000, 0x00000007875e0000, 0x00000007d60b0000)
  object space 85888K, 71% used [0x0000000782200000,0x0000000785e3e400,0x00000007875e0000)
 PSPermGen       total 21248K, used 11419K [0x000000077d000000, 0x000000077e4c0000, 0x0000000782200000)
  object space 21248K, 53% used [0x000000077d000000,0x000000077db26ed0,0x000000077e4c0000)
Event: 1.406 GC heap after
Heap after GC invocations=3 (full 1):
 PSYoungGen      total 37632K, used 0K [0x00000007d60b0000, 0x00000007daa30000, 0x0000000800000000)
  eden space 32320K, 0% used [0x00000007d60b0000,0x00000007d60b0000,0x00000007d8040000)
  from space 5312K, 0% used [0x00000007d8570000,0x00000007d8570000,0x00000007d8aa0000)
  to   space 5312K, 0% used [0x00000007d8040000,0x00000007d8040000,0x00000007d8570000)
 ParOldGen       total 116928K, used 50674K [0x0000000782200000, 0x0000000789430000, 0x00000007d60b0000)
  object space 116928K, 43% used [0x0000000782200000,0x000000078537cbf8,0x0000000789430000)
 PSPermGen       total 23360K, used 11415K [0x000000077d000000, 0x000000077e6d0000, 0x0000000782200000)
  object space 23360K, 48% used [0x000000077d000000,0x000000077db25d88,0x000000077e6d0000)
}

