# JRE version: 7.0_17-b02
# Java VM: Java HotSpot(TM) 64-Bit Server VM (23.7-b01 mixed mode windows-amd64 compressed oops)
Heap
 PSYoungGen      total 37632K, used 3313K [0x00000007d60b0000, 0x00000007daa30000, 0x0000000800000000)
  eden space 32320K, 10% used [0x00000007d60b0000,0x00000007d63ec4c0,0x00000007d8040000)
  from space 5312K, 0% used [0x00000007d8570000,0x00000007d8570000,0x00000007d8aa0000)
  to   space 5312K, 0% used [0x00000007d8040000,0x00000007d8040000,0x00000007d8570000)
 ParOldGen       total 117952K, used 51984K [0x0000000782200000, 0x0000000789530000, 0x00000007d60b0000)
  object space 117952K, 44% used [0x0000000782200000,0x00000007854c42c0,0x0000000789530000)
 PSPermGen       total 23360K, used 11427K [0x000000077d000000, 0x000000077e6d0000, 0x0000000782200000)
  object space 23360K, 48% used [0x000000077d000000,0x000000077db28f88,0x000000077e6d0000)
GC Heap History (6 events):
Event: 1.235 GC heap before
{Heap before GC invocations=1 (full 0):
 PSYoungGen      total 37632K, used 32320K [0x00000007d60b0000, 0x00000007d8aa0000, 0x0000000800000000)
  eden space 32320K, 100% used [0x00000007d60b0000,0x00000007d8040000,0x00000007d8040000)
  from space 5312K, 0% used [0x00000007d8570000,0x00000007d8570000,0x00000007d8aa0000)
  to   space 5312K, 0% used [0x00000007d8040000,0x00000007d8040000,0x00000007d8570000)
 ParOldGen       total 85888K, used 0K [0x0000000782200000, 0x00000007875e0000, 0x00000007d60b0000)
  object space 85888K, 0% used [0x0000000782200000,0x0000000782200000,0x00000007875e0000)
 PSPermGen       total 21248K, used 11419K [0x000000077d000000, 0x000000077e4c0000, 0x0000000782200000)
  object space 21248K, 53% used [0x000000077d000000,0x000000077db26f10,0x000000077e4c0000)
Event: 1.247 GC heap after
Heap after GC invocations=1 (full 0):
 PSYoungGen      total 37632K, used 5304K [0x00000007d60b0000, 0x00000007d8aa0000, 0x0000000800000000)
  eden space 32320K, 0% used [0x00000007d60b0000,0x00000007d60b0000,0x00000007d8040000)
  from space 5312K, 99% used [0x00000007d8040000,0x00000007d856e030,0x00000007d8570000)
  to   space 5312K, 0% used [0x00000007d8570000,0x00000007d8570000,0x00000007d8aa0000)
 ParOldGen       total 85888K, used 31564K [0x0000000782200000, 0x00000007875e0000, 0x00000007d60b0000)
  object space 85888K, 36% used [0x0000000782200000,0x00000007840d3130,0x00000007875e0000)
 PSPermGen       total 21248K, used 11419K [0x000000077d000000, 0x000000077e4c0000, 0x0000000782200000)
  object space 21248K, 53% used [0x000000077d000000,0x000000077db26f10,0x000000077e4c0000)
}
Event: 1.253 GC heap before
{Heap before GC invocations=2 (full 0):
 PSYoungGen      total 37632K, used 37624K [0x00000007d60b0000, 0x00000007d8aa0000, 0x0000000800000000)
  eden space 32320K, 100% used [0x00000007d60b0000,0x00000007d8040000,0x00000007d8040000)
  from space 5312K, 99% used [0x00000007d8040000,0x00000007d856e030,0x00000007d8570000)
  to   space 5312K, 0% used [0x00000007d8570000,0x00000007d8570000,0x00000007d8aa0000)
 ParOldGen       total 85888K, used 31564K [0x0000000782200000, 0x00000007875e0000, 0x00000007d60b0000)
  object space 85888K, 36% used [0x0000000782200000,0x00000007840d3130,0x00000007875e0000)
 PSPermGen       total 21248K, used 11419K [0x000000077d000000, 0x000000077e4c0000, 0x0000000782200000)
  object space 21248K, 53% used [0x000000077d000000,0x000000077db26f10,0x000000077e4c0000)
Event: 1.265 GC heap after
Heap after GC invocations=2 (full 0):
 PSYoungGen      total 37632K, used 5297K [0x00000007d60b0000, 0x00000007daa30000, 0x0000000800000000)
  eden space 32320K, 0% used [0x00000007d60b0000,0x00000007d60b0000,0x00000007d8040000)
  from space 5312K, 99% used [0x00000007d8570000,0x00000007d8a9c4a0,0x00000007d8aa0000)
  to   space 5312K, 0% used [0x00000007d8040000,0x00000007d8040000,0x00000007d8570000)
 ParOldGen       total 85888K, used 63011K [0x0000000782200000, 0x00000007875e0000, 0x00000007d60b0000)
  object space 85888K, 73% used [0x0000000782200000,0x0000000785f88cb0,0x00000007875e0000)
 PSPermGen       total 21248K, used 11419K [0x000000077d000000, 0x000000077e4c0000, 0x0000000782200000)
  object space 21248K, 53% used [0x000000077d000000,0x000000077db26f10,0x000000077e4c0000)
}
Event: 1.265 GC heap before
{Heap before GC invocations=3 (full 1):
 PSYoungGen      total 37632K, used 5297K [0x00000007d60b0000, 0x00000007daa30000, 0x0000000800000000)
  eden space 32320K, 0% used [0x00000007d60b0000,0x00000007d60b0000,0x00000007d8040000)
  from space 5312K, 99% used [0x00000007d8570000,0x00000007d8a9c4a0,0x00000007d8aa0000)
  to   space 5312K, 0% used [0x00000007d8040000,0x00000007d8040000,0x00000007d8570000)
 ParOldGen       total 85888K, used 63011K [0x0000000782200000, 0x00000007875e0000, 0x00000007d60b0000)
  object space 85888K, 73% used [0x0000000782200000,0x0000000785f88cb0,0x00000007875e0000)
 PSPermGen       total 21248K, used 11419K [0x000000077d000000, 0x000000077e4c0000, 0x0000000782200000)
  object space 21248K, 53% used [0x000000077d000000,0x000000077db26f10,0x000000077e4c0000)
Event: 1.296 GC heap after
Heap after GC invocations=3 (full 1):
 PSYoungGen      total 37632K, used 0K [0x00000007d60b0000, 0x00000007daa30000, 0x0000000800000000)
  eden space 32320K, 0% used [0x00000007d60b0000,0x00000007d60b0000,0x00000007d8040000)
  from space 5312K, 0% used [0x00000007d8570000,0x00000007d8570000,0x00000007d8aa0000)
  to   space 5312K, 0% used [0x00000007d8040000,0x00000007d8040000,0x00000007d8570000)
 ParOldGen       total 117952K, used 51984K [0x0000000782200000, 0x0000000789530000, 0x00000007d60b0000)
  object space 117952K, 44% used [0x0000000782200000,0x00000007854c42c0,0x0000000789530000)
 PSPermGen       total 23360K, used 11415K [0x000000077d000000, 0x000000077e6d0000, 0x0000000782200000)
  object space 23360K, 48% used [0x000000077d000000,0x000000077db25de8,0x000000077e6d0000)
}

