# JRE version: 7.0_17-b02
# Java VM: Java HotSpot(TM) 64-Bit Server VM (23.7-b01 mixed mode windows-amd64 compressed oops)
Heap
 PSYoungGen      total 37632K, used 8582K [0x00000007d60b0000, 0x00000007daa30000, 0x0000000800000000)
  eden space 32320K, 10% used [0x00000007d60b0000,0x00000007d63e5500,0x00000007d8040000)
  from space 5312K, 99% used [0x00000007d8570000,0x00000007d8a9c4a0,0x00000007d8aa0000)
  to   space 5312K, 0% used [0x00000007d8040000,0x00000007d8040000,0x00000007d8570000)
 ParOldGen       total 85888K, used 47076K [0x0000000782200000, 0x00000007875e0000, 0x00000007d60b0000)
  object space 85888K, 54% used [0x0000000782200000,0x0000000784ff90e0,0x00000007875e0000)
 PSPermGen       total 21248K, used 11430K [0x000000077d000000, 0x000000077e4c0000, 0x0000000782200000)
  object space 21248K, 53% used [0x000000077d000000,0x000000077db29b00,0x000000077e4c0000)
GC Heap History (4 events):
Event: 1.276 GC heap before
{Heap before GC invocations=1 (full 0):
 PSYoungGen      total 37632K, used 32320K [0x00000007d60b0000, 0x00000007d8aa0000, 0x0000000800000000)
  eden space 32320K, 100% used [0x00000007d60b0000,0x00000007d8040000,0x00000007d8040000)
  from space 5312K, 0% used [0x00000007d8570000,0x00000007d8570000,0x00000007d8aa0000)
  to   space 5312K, 0% used [0x00000007d8040000,0x00000007d8040000,0x00000007d8570000)
 ParOldGen       total 85888K, used 0K [0x0000000782200000, 0x00000007875e0000, 0x00000007d60b0000)
  object space 85888K, 0% used [0x0000000782200000,0x0000000782200000,0x00000007875e0000)
 PSPermGen       total 21248K, used 11407K [0x000000077d000000, 0x000000077e4c0000, 0x0000000782200000)
  object space 21248K, 53% used [0x000000077d000000,0x000000077db23c98,0x000000077e4c0000)
Event: 1.285 GC heap after
Heap after GC invocations=1 (full 0):
 PSYoungGen      total 37632K, used 5304K [0x00000007d60b0000, 0x00000007d8aa0000, 0x0000000800000000)
  eden space 32320K, 0% used [0x00000007d60b0000,0x00000007d60b0000,0x00000007d8040000)
  from space 5312K, 99% used [0x00000007d8040000,0x00000007d856e030,0x00000007d8570000)
  to   space 5312K, 0% used [0x00000007d8570000,0x00000007d8570000,0x00000007d8aa0000)
 ParOldGen       total 85888K, used 16276K [0x0000000782200000, 0x00000007875e0000, 0x00000007d60b0000)
  object space 85888K, 18% used [0x0000000782200000,0x00000007831e53e0,0x00000007875e0000)
 PSPermGen       total 21248K, used 11407K [0x000000077d000000, 0x000000077e4c0000, 0x0000000782200000)
  object space 21248K, 53% used [0x000000077d000000,0x000000077db23c98,0x000000077e4c0000)
}
Event: 1.289 GC heap before
{Heap before GC invocations=2 (full 0):
 PSYoungGen      total 37632K, used 37624K [0x00000007d60b0000, 0x00000007d8aa0000, 0x0000000800000000)
  eden space 32320K, 100% used [0x00000007d60b0000,0x00000007d8040000,0x00000007d8040000)
  from space 5312K, 99% used [0x00000007d8040000,0x00000007d856e030,0x00000007d8570000)
  to   space 5312K, 0% used [0x00000007d8570000,0x00000007d8570000,0x00000007d8aa0000)
 ParOldGen       total 85888K, used 16276K [0x0000000782200000, 0x00000007875e0000, 0x00000007d60b0000)
  object space 85888K, 18% used [0x0000000782200000,0x00000007831e53e0,0x00000007875e0000)
 PSPermGen       total 21248K, used 11407K [0x000000077d000000, 0x000000077e4c0000, 0x0000000782200000)
  object space 21248K, 53% used [0x000000077d000000,0x000000077db23c98,0x000000077e4c0000)
Event: 1.303 GC heap after
Heap after GC invocations=2 (full 0):
 PSYoungGen      total 37632K, used 5297K [0x00000007d60b0000, 0x00000007daa30000, 0x0000000800000000)
  eden space 32320K, 0% used [0x00000007d60b0000,0x00000007d60b0000,0x00000007d8040000)
  from space 5312K, 99% used [0x00000007d8570000,0x00000007d8a9c4a0,0x00000007d8aa0000)
  to   space 5312K, 0% used [0x00000007d8040000,0x00000007d8040000,0x00000007d8570000)
 ParOldGen       total 85888K, used 47076K [0x0000000782200000, 0x00000007875e0000, 0x00000007d60b0000)
  object space 85888K, 54% used [0x0000000782200000,0x0000000784ff90e0,0x00000007875e0000)
 PSPermGen       total 21248K, used 11407K [0x000000077d000000, 0x000000077e4c0000, 0x0000000782200000)
  object space 21248K, 53% used [0x000000077d000000,0x000000077db23c98,0x000000077e4c0000)
}

